0 verbose cli /Users/alejandrobecerra/.nvm/versions/node/v20.5.1/bin/node /Users/alejandrobecerra/.nvm/versions/node/v20.5.1/bin/npm
1 info using npm@9.8.0
2 info using node@v20.5.1
3 timing npm:load:whichnode Completed in 1ms
4 timing config:load:defaults Completed in 1ms
5 timing config:load:file:/Users/alejandrobecerra/.nvm/versions/node/v20.5.1/lib/node_modules/npm/npmrc Completed in 1ms
6 timing config:load:builtin Completed in 1ms
7 timing config:load:cli Completed in 2ms
8 timing config:load:env Completed in 1ms
9 timing config:load:file:/Users/alejandrobecerra/Documents/Spotworks/backend/.npmrc Completed in 0ms
10 timing config:load:project Completed in 2ms
11 timing config:load:file:/Users/alejandrobecerra/.npmrc Completed in 1ms
12 timing config:load:user Completed in 2ms
13 timing config:load:file:/Users/alejandrobecerra/.nvm/versions/node/v20.5.1/etc/npmrc Completed in 0ms
14 timing config:load:global Completed in 0ms
15 timing config:load:setEnvs Completed in 0ms
16 timing config:load Completed in 9ms
17 timing npm:load:configload Completed in 9ms
18 timing config:load:flatten Completed in 2ms
19 timing npm:load:mkdirpcache Completed in 0ms
20 timing npm:load:mkdirplogs Completed in 0ms
21 verbose title npm run eslint
22 verbose argv "run" "eslint" "--cache" "--fix"
23 timing npm:load:setTitle Completed in 16ms
24 timing npm:load:display Completed in 1ms
25 verbose logfile logs-max:10 dir:/Users/alejandrobecerra/Documents/Spotworks/backend/--fix/_logs/2023-09-14T18_20_05_862Z-
26 verbose logfile /Users/alejandrobecerra/Documents/Spotworks/backend/--fix/_logs/2023-09-14T18_20_05_862Z-debug-0.log
27 timing npm:load:logFile Completed in 7ms
28 timing npm:load:timers Completed in 0ms
29 timing npm:load:configScope Completed in 0ms
30 timing npm:load Completed in 47ms
31 timing command:run Completed in 198ms
32 verbose stack Error: Missing script: "eslint"
32 verbose stack
32 verbose stack Did you mean this?
32 verbose stack     npm run lint # run the "lint" package script
32 verbose stack
32 verbose stack To see a list of scripts, run:
32 verbose stack   npm run
32 verbose stack     at RunScript.run (/Users/alejandrobecerra/.nvm/versions/node/v20.5.1/lib/node_modules/npm/lib/commands/run-script.js:94:13)
32 verbose stack     at async module.exports (/Users/alejandrobecerra/.nvm/versions/node/v20.5.1/lib/node_modules/npm/lib/cli-entry.js:61:5)
33 verbose cwd /Users/alejandrobecerra/Documents/Spotworks/backend
34 verbose Darwin 22.6.0
35 verbose node v20.5.1
36 verbose npm  v9.8.0
37 error Missing script: "eslint"
37 error
37 error Did you mean this?
37 error     npm run lint # run the "lint" package script
37 error
37 error To see a list of scripts, run:
37 error   npm run
38 verbose exit 1
39 timing npm Completed in 279ms
40 verbose code 1
41 error A complete log of this run can be found in: /Users/alejandrobecerra/Documents/Spotworks/backend/--fix/_logs/2023-09-14T18_20_05_862Z-debug-0.log
